I, [2014-09-25T18:17:24.302281 #9746]  INFO -- compute-centos-70: -----> Destroying <compute-centos-70>...
I, [2014-09-25T18:17:24.302623 #9746]  INFO -- compute-centos-70: Finished destroying <compute-centos-70> (0m0.00s).
I, [2014-09-25T18:27:10.907129 #11848]  INFO -- compute-centos-70: -----> Destroying <compute-centos-70>...
I, [2014-09-25T18:27:10.907466 #11848]  INFO -- compute-centos-70: Finished destroying <compute-centos-70> (0m0.00s).
I, [2014-09-25T18:31:36.686895 #14097]  INFO -- compute-centos-70: -----> Creating <compute-centos-70>...
I, [2014-09-25T18:31:37.759156 #14097]  INFO -- compute-centos-70: Bringing machine 'default' up with 'virtualbox' provider...
I, [2014-09-25T18:31:38.004849 #14097]  INFO -- compute-centos-70: ==> default: Importing base box 'lamudi/centos-7.0'...
[KProgress: 10%[KProgress: 30%[KProgress: 50%I, [2014-09-25T18:32:17.600736 #14641]  INFO -- compute-centos-70: -----> Destroying <compute-centos-70>...
I, [2014-09-25T18:32:17.601141 #14641]  INFO -- compute-centos-70: Finished destroying <compute-centos-70> (0m0.00s).
I, [2014-09-25T18:32:24.487172 #15030]  INFO -- compute-centos-70: -----> Destroying <compute-centos-70>...
I, [2014-09-25T18:32:24.487395 #15030]  INFO -- compute-centos-70: Finished destroying <compute-centos-70> (0m0.00s).
I, [2014-09-25T18:34:04.138006 #15086]  INFO -- compute-centos-70: -----> Creating <compute-centos-70>...
I, [2014-09-25T18:34:05.215439 #15086]  INFO -- compute-centos-70: Bringing machine 'default' up with 'virtualbox' provider...
I, [2014-09-25T18:34:05.461090 #15086]  INFO -- compute-centos-70: ==> default: Importing base box 'lamudi/centos-7.0'...
[KProgress: 10%[KProgress: 30%[KProgress: 50%[KProgress: 60%[KProgress: 70%[KProgress: 80%[KProgress: 90%[KI, [2014-09-25T18:34:42.861126 #15086]  INFO -- compute-centos-70: ==> default: Matching MAC address for NAT networking...
I, [2014-09-25T18:34:42.996240 #15086]  INFO -- compute-centos-70: ==> default: Checking if box 'lamudi/centos-7.0' is up to date...
I, [2014-09-25T18:34:44.829384 #15086]  INFO -- compute-centos-70: ==> default: Setting the name of the VM: compute-centos-70_default_1411655684792_66414
==> default: Clearing any previously set forwarded ports...I, [2014-09-25T18:34:45.443783 #15086]  INFO -- compute-centos-70: ==> default: Fixed port collision for 22 => 2222. Now on port 2200.
I, [2014-09-25T18:34:45.486531 #15086]  INFO -- compute-centos-70: ==> default: Clearing any previously set network interfaces...
I, [2014-09-25T18:34:45.677772 #15086]  INFO -- compute-centos-70: ==> default: Preparing network interfaces based on configuration...
I, [2014-09-25T18:34:45.677988 #15086]  INFO -- compute-centos-70:     default: Adapter 1: nat
I, [2014-09-25T18:34:45.678187 #15086]  INFO -- compute-centos-70:     default: Adapter 2: hostonly
I, [2014-09-25T18:34:45.804496 #15086]  INFO -- compute-centos-70: ==> default: Forwarding ports...
I, [2014-09-25T18:34:45.862015 #15086]  INFO -- compute-centos-70:     default: 22 => 2200 (adapter 1)
I, [2014-09-25T18:34:46.134945 #15086]  INFO -- compute-centos-70: ==> default: Running 'pre-boot' VM customizations...
I, [2014-09-25T18:34:46.215438 #15086]  INFO -- compute-centos-70: ==> default: Booting VM...
==> default: Waiting for machine to boot. This may take a few minutes...I, [2014-09-25T18:34:46.822951 #15086]  INFO -- compute-centos-70:     default: SSH address: 127.0.0.1:2200
I, [2014-09-25T18:34:46.823200 #15086]  INFO -- compute-centos-70:     default: SSH username: vagrant
I, [2014-09-25T18:34:46.823311 #15086]  INFO -- compute-centos-70:     default: SSH auth method: private key
I, [2014-09-25T18:35:01.928740 #15086]  INFO -- compute-centos-70:     default: Warning: Connection timeout. Retrying...
I, [2014-09-25T18:35:17.034167 #15086]  INFO -- compute-centos-70:     default: Warning: Connection timeout. Retrying...
I, [2014-09-25T18:35:48.655731 #15086]  INFO -- compute-centos-70: ==> default: Machine booted and ready!
I, [2014-09-25T18:35:48.655892 #15086]  INFO -- compute-centos-70: ==> default: Checking for guest additions in VM...
I, [2014-09-25T18:35:48.699830 #15086]  INFO -- compute-centos-70: ==> default: Setting hostname...
I, [2014-09-25T18:35:50.609539 #15086]  INFO -- compute-centos-70: ==> default: Configuring and enabling network interfaces...
I, [2014-09-25T18:35:54.722289 #15086]  INFO -- compute-centos-70: ==> default: Machine not provisioning because `--no-provision` is specified.
I, [2014-09-25T18:35:56.023066 #15086]  INFO -- compute-centos-70: Vagrant instance <compute-centos-70> created.
I, [2014-09-25T18:35:56.023965 #15086]  INFO -- compute-centos-70: Finished creating <compute-centos-70> (1m51.89s).
I, [2014-09-25T19:25:25.670871 #20223]  INFO -- compute-centos-70: -----> Creating <compute-centos-70>...
I, [2014-09-25T19:25:26.794557 #20223]  INFO -- compute-centos-70: Bringing machine 'default' up with 'virtualbox' provider...
I, [2014-09-25T19:25:27.092676 #20223]  INFO -- compute-centos-70: ==> default: Checking if box 'lamudi/centos-7.0' is up to date...
I, [2014-09-25T19:25:28.396175 #20223]  INFO -- compute-centos-70: ==> default: VirtualBox VM is already running.
I, [2014-09-25T19:25:29.672480 #20223]  INFO -- compute-centos-70: Vagrant instance <compute-centos-70> created.
I, [2014-09-25T19:25:29.673298 #20223]  INFO -- compute-centos-70: Finished creating <compute-centos-70> (0m4.00s).
I, [2014-09-25T19:57:42.804080 #21588]  INFO -- compute-centos-70: -----> Destroying <compute-centos-70>...
I, [2014-09-25T19:57:44.515143 #21588]  INFO -- compute-centos-70: ==> default: Forcing shutdown of VM...
I, [2014-09-25T19:57:45.974604 #21588]  INFO -- compute-centos-70: ==> default: Destroying VM and associated drives...
I, [2014-09-25T19:57:46.280551 #21588]  INFO -- compute-centos-70: Vagrant instance <compute-centos-70> destroyed.
I, [2014-09-25T19:57:46.281336 #21588]  INFO -- compute-centos-70: Finished destroying <compute-centos-70> (0m3.48s).
I, [2014-09-26T13:12:50.339495 #18795]  INFO -- compute-centos-70: -----> Destroying <compute-centos-70>...
I, [2014-09-26T13:12:50.340320 #18795]  INFO -- compute-centos-70: Finished destroying <compute-centos-70> (0m0.00s).
I, [2014-09-26T15:09:52.601119 #26036]  INFO -- compute-centos-70: -----> Destroying <compute-centos-70>...
I, [2014-09-26T15:09:52.601463 #26036]  INFO -- compute-centos-70: Finished destroying <compute-centos-70> (0m0.00s).
I, [2014-09-26T15:44:34.771748 #29004]  INFO -- compute-centos-70: -----> Destroying <compute-centos-70>...
I, [2014-09-26T15:44:34.851210 #29004]  INFO -- compute-centos-70: Finished destroying <compute-centos-70> (0m0.00s).
I, [2014-09-26T16:41:29.036220 #32123]  INFO -- compute-centos-70: -----> Creating <compute-centos-70>...
I, [2014-09-26T16:41:31.714231 #32123]  INFO -- compute-centos-70: Bringing machine 'default' up with 'virtualbox' provider...
I, [2014-09-26T16:41:32.358861 #32123]  INFO -- compute-centos-70: ==> default: Importing base box 'lamudi/centos-7.0'...
[KProgress: 10%[KProgress: 30%[KProgress: 50%[KProgress: 60%[KProgress: 70%[KProgress: 80%[KProgress: 90%[K==> default: Matching MAC address for NAT networking...I, [2014-09-26T16:45:14.472087 #32123]  INFO -- compute-centos-70: ==> default: Checking if box 'lamudi/centos-7.0' is up to date...
I, [2014-09-26T16:45:16.493878 #32123]  INFO -- compute-centos-70: ==> default: Setting the name of the VM: compute-centos-70_default_1411735516454_75840
==> default: Clearing any previously set forwarded ports...I, [2014-09-26T16:45:17.122897 #32123]  INFO -- compute-centos-70: ==> default: Fixed port collision for 22 => 2222. Now on port 2200.
I, [2014-09-26T16:45:17.247409 #32123]  INFO -- compute-centos-70: ==> default: Clearing any previously set network interfaces...
I, [2014-09-26T16:45:17.453027 #32123]  INFO -- compute-centos-70: ==> default: Preparing network interfaces based on configuration...
I, [2014-09-26T16:45:17.453196 #32123]  INFO -- compute-centos-70:     default: Adapter 1: nat
I, [2014-09-26T16:45:17.453395 #32123]  INFO -- compute-centos-70:     default: Adapter 2: hostonly
I, [2014-09-26T16:45:17.627374 #32123]  INFO -- compute-centos-70: ==> default: Forwarding ports...
I, [2014-09-26T16:45:17.684780 #32123]  INFO -- compute-centos-70:     default: 22 => 2200 (adapter 1)
I, [2014-09-26T16:45:17.949310 #32123]  INFO -- compute-centos-70: ==> default: Running 'pre-boot' VM customizations...
==> default: Booting VM...I, [2014-09-26T16:45:19.797916 #32123]  INFO -- compute-centos-70: ==> default: Waiting for machine to boot. This may take a few minutes...
I, [2014-09-26T16:45:20.906703 #32123]  INFO -- compute-centos-70:     default: SSH address: 127.0.0.1:2200
I, [2014-09-26T16:45:20.906823 #32123]  INFO -- compute-centos-70:     default: SSH username: vagrant
I, [2014-09-26T16:45:20.906856 #32123]  INFO -- compute-centos-70:     default: SSH auth method: private key
I, [2014-09-26T16:45:36.079940 #32123]  INFO -- compute-centos-70:     default: Warning: Connection timeout. Retrying...
I, [2014-09-26T16:45:51.182882 #32123]  INFO -- compute-centos-70:     default: Warning: Connection timeout. Retrying...
I, [2014-09-26T16:46:06.294179 #32123]  INFO -- compute-centos-70:     default: Warning: Connection timeout. Retrying...
I, [2014-09-26T16:46:06.416839 #32123]  INFO -- compute-centos-70:     default: Warning: Remote connection disconnect. Retrying...
I, [2014-09-26T16:46:20.073236 #32123]  INFO -- compute-centos-70: ==> default: Machine booted and ready!
I, [2014-09-26T16:46:20.073685 #32123]  INFO -- compute-centos-70: ==> default: Checking for guest additions in VM...
I, [2014-09-26T16:46:20.283615 #32123]  INFO -- compute-centos-70: ==> default: Setting hostname...
I, [2014-09-26T16:46:23.143064 #32123]  INFO -- compute-centos-70: ==> default: Configuring and enabling network interfaces...
I, [2014-09-26T16:46:28.693023 #32123]  INFO -- compute-centos-70: ==> default: Machine not provisioning because `--no-provision` is specified.
I, [2014-09-26T16:46:42.763615 #32123]  INFO -- compute-centos-70: Vagrant instance <compute-centos-70> created.
I, [2014-09-26T16:46:42.764556 #32123]  INFO -- compute-centos-70: Finished creating <compute-centos-70> (5m13.73s).
I, [2014-09-26T16:46:42.868812 #32123]  INFO -- compute-centos-70: -----> Converging <compute-centos-70>...
I, [2014-09-26T16:46:42.869715 #32123]  INFO -- compute-centos-70: Preparing files for transfer
I, [2014-09-26T16:46:42.889750 #32123]  INFO -- compute-centos-70: Resolving cookbook dependencies with Berkshelf 3.1.5...
I, [2014-09-26T16:46:49.794451 #32123]  INFO -- compute-centos-70: Removing non-cookbook files before transfer
I, [2014-09-26T16:46:49.796784 #32123]  INFO -- compute-centos-70: Preparing data bags
I, [2014-09-26T16:46:50.068453 #32123]  INFO -- compute-centos-70: Transfering files to <compute-centos-70>
I, [2014-09-26T16:47:24.933816 #32123]  INFO -- compute-centos-70: [2014-09-26T12:47:23+00:00] INFO: Starting chef-zero on host localhost, port 8889 with repository at repository at /tmp/kitchen
I, [2014-09-26T16:47:24.933910 #32123]  INFO -- compute-centos-70:   One version per cookbook
I, [2014-09-26T16:47:24.933934 #32123]  INFO -- compute-centos-70: 
I, [2014-09-26T16:47:25.017286 #32123]  INFO -- compute-centos-70: [2014-09-26T12:47:23+00:00] INFO: Forking chef instance to converge...
I, [2014-09-26T16:47:25.291561 #32123]  INFO -- compute-centos-70: Starting Chef Client, version 11.16.2[0m
I, [2014-09-26T16:47:25.291638 #32123]  INFO -- compute-centos-70: [2014-09-26T12:47:23+00:00] INFO: *** Chef 11.16.2 ***
I, [2014-09-26T16:47:25.291661 #32123]  INFO -- compute-centos-70: [2014-09-26T12:47:23+00:00] INFO: Chef-client pid: 2937
I, [2014-09-26T16:47:38.485822 #32123]  INFO -- compute-centos-70: Creating a new client identity for compute-centos-70 using the validator key.[0m
I, [2014-09-26T16:47:38.485905 #32123]  INFO -- compute-centos-70: [2014-09-26T12:47:36+00:00] INFO: Client key /tmp/kitchen/client.pem is not present - registering
I, [2014-09-26T16:47:38.523535 #32123]  INFO -- compute-centos-70: [2014-09-26T12:47:36+00:00] INFO: HTTP Request Returned 404 Not Found : Object not found: http://localhost:8889/nodes/compute-centos-70
I, [2014-09-26T16:47:38.532857 #32123]  INFO -- compute-centos-70: [2014-09-26T12:47:36+00:00] INFO: Setting the run_list to ["recipe[centos_cloud::default]"] from CLI options
I, [2014-09-26T16:47:38.532951 #32123]  INFO -- compute-centos-70: [2014-09-26T12:47:36+00:00] INFO: Run List is [recipe[centos_cloud::default]]
I, [2014-09-26T16:47:38.533000 #32123]  INFO -- compute-centos-70: [2014-09-26T12:47:36+00:00] INFO: Run List expands to [centos_cloud::default]
I, [2014-09-26T16:47:38.533020 #32123]  INFO -- compute-centos-70: [2014-09-26T12:47:36+00:00] INFO: Starting Chef Run for compute-centos-70
I, [2014-09-26T16:47:38.533037 #32123]  INFO -- compute-centos-70: [2014-09-26T12:47:36+00:00] INFO: Running start handlers
I, [2014-09-26T16:47:38.533055 #32123]  INFO -- compute-centos-70: [2014-09-26T12:47:36+00:00] INFO: Start handlers complete.
I, [2014-09-26T16:47:38.538185 #32123]  INFO -- compute-centos-70: [2014-09-26T12:47:36+00:00] INFO: HTTP Request Returned 404 Not Found : Object not found: /reports/nodes/compute-centos-70/runs
I, [2014-09-26T16:47:38.538245 #32123]  INFO -- compute-centos-70: resolving cookbooks for run list: ["centos_cloud::default"][0m
I, [2014-09-26T16:47:38.999170 #32123]  INFO -- compute-centos-70: [2014-09-26T12:47:37+00:00] INFO: Loading cookbooks [centos_cloud@0.9.0, firewalld@0.2.0, libcloud@0.1.0, tar@0.5.0, lvm@1.2.2]
I, [2014-09-26T16:47:38.999259 #32123]  INFO -- compute-centos-70: Synchronizing Cookbooks:[0m
I, [2014-09-26T16:47:39.086396 #32123]  INFO -- compute-centos-70: [2014-09-26T12:47:37+00:00] INFO: Storing updated cookbooks/centos_cloud/resources/database.rb in the cache.
I, [2014-09-26T16:47:39.104301 #32123]  INFO -- compute-centos-70: [2014-09-26T12:47:37+00:00] INFO: Storing updated cookbooks/centos_cloud/resources/scp_file.rb in the cache.
I, [2014-09-26T16:47:39.168476 #32123]  INFO -- compute-centos-70: [2014-09-26T12:47:37+00:00] INFO: Storing updated cookbooks/centos_cloud/resources/ssh_command.rb in the cache.
I, [2014-09-26T16:47:39.168554 #32123]  INFO -- compute-centos-70: [2014-09-26T12:47:37+00:00] INFO: Storing updated cookbooks/centos_cloud/resources/ssh_key_manage.rb in the cache.
I, [2014-09-26T16:47:39.196085 #32123]  INFO -- compute-centos-70: [2014-09-26T12:47:37+00:00] INFO: Storing updated cookbooks/centos_cloud/providers/scp_file.rb in the cache.
I, [2014-09-26T16:47:39.214854 #32123]  INFO -- compute-centos-70: [2014-09-26T12:47:37+00:00] INFO: Storing updated cookbooks/centos_cloud/providers/database.rb in the cache.
I, [2014-09-26T16:47:39.242765 #32123]  INFO -- compute-centos-70: [2014-09-26T12:47:37+00:00] INFO: Storing updated cookbooks/centos_cloud/providers/ssh_command.rb in the cache.
I, [2014-09-26T16:47:39.261718 #32123]  INFO -- compute-centos-70: [2014-09-26T12:47:37+00:00] INFO: Storing updated cookbooks/centos_cloud/providers/ssh_key_manage.rb in the cache.
I, [2014-09-26T16:47:39.284638 #32123]  INFO -- compute-centos-70: [2014-09-26T12:47:37+00:00] INFO: Storing updated cookbooks/centos_cloud/providers/config.rb in the cache.
I, [2014-09-26T16:47:39.284715 #32123]  INFO -- compute-centos-70: [2014-09-26T12:47:37+00:00] INFO: Storing updated cookbooks/centos_cloud/resources/config.rb in the cache.
I, [2014-09-26T16:47:39.304480 #32123]  INFO -- compute-centos-70: [2014-09-26T12:47:37+00:00] INFO: Storing updated cookbooks/centos_cloud/recipes/test.rb in the cache.
I, [2014-09-26T16:47:39.334523 #32123]  INFO -- compute-centos-70: [2014-09-26T12:47:37+00:00] INFO: Storing updated cookbooks/centos_cloud/recipes/glance.rb in the cache.
I, [2014-09-26T16:47:39.354110 #32123]  INFO -- compute-centos-70: [2014-09-26T12:47:37+00:00] INFO: Storing updated cookbooks/centos_cloud/recipes/nova-compute.rb in the cache.
I, [2014-09-26T16:47:39.373353 #32123]  INFO -- compute-centos-70: [2014-09-26T12:47:37+00:00] INFO: Storing updated cookbooks/centos_cloud/recipes/node.rb in the cache.
I, [2014-09-26T16:47:39.403603 #32123]  INFO -- compute-centos-70: [2014-09-26T12:47:37+00:00] INFO: Storing updated cookbooks/centos_cloud/recipes/nova.rb in the cache.
I, [2014-09-26T16:47:39.422947 #32123]  INFO -- compute-centos-70: [2014-09-26T12:47:37+00:00] INFO: Storing updated cookbooks/centos_cloud/recipes/repos.rb in the cache.
I, [2014-09-26T16:47:39.442360 #32123]  INFO -- compute-centos-70: [2014-09-26T12:47:37+00:00] INFO: Storing updated cookbooks/centos_cloud/recipes/keystone.rb in the cache.
I, [2014-09-26T16:47:39.472917 #32123]  INFO -- compute-centos-70: [2014-09-26T12:47:37+00:00] INFO: Storing updated cookbooks/centos_cloud/recipes/heat.rb in the cache.
I, [2014-09-26T16:47:39.493487 #32123]  INFO -- compute-centos-70: [2014-09-26T12:47:37+00:00] INFO: Storing updated cookbooks/centos_cloud/recipes/selinux.rb in the cache.
I, [2014-09-26T16:47:39.512461 #32123]  INFO -- compute-centos-70: [2014-09-26T12:47:37+00:00] INFO: Storing updated cookbooks/centos_cloud/recipes/ceilometer.rb in the cache.
I, [2014-09-26T16:47:39.543962 #32123]  INFO -- compute-centos-70: [2014-09-26T12:47:37+00:00] INFO: Storing updated cookbooks/centos_cloud/recipes/mysql.rb in the cache.
I, [2014-09-26T16:47:39.564174 #32123]  INFO -- compute-centos-70: [2014-09-26T12:47:37+00:00] INFO: Storing updated cookbooks/centos_cloud/recipes/sahara.rb in the cache.
I, [2014-09-26T16:47:39.628760 #32123]  INFO -- compute-centos-70: [2014-09-26T12:47:37+00:00] INFO: Storing updated cookbooks/centos_cloud/recipes/rabbitmq-server.rb in the cache.
I, [2014-09-26T16:47:39.635117 #32123]  INFO -- compute-centos-70: [2014-09-26T12:47:37+00:00] INFO: Storing updated cookbooks/centos_cloud/recipes/common.rb in the cache.
I, [2014-09-26T16:47:39.635178 #32123]  INFO -- compute-centos-70: [2014-09-26T12:47:37+00:00] INFO: Storing updated cookbooks/centos_cloud/recipes/cinder.rb in the cache.
I, [2014-09-26T16:47:39.658924 #32123]  INFO -- compute-centos-70: [2014-09-26T12:47:37+00:00] INFO: Storing updated cookbooks/centos_cloud/recipes/neutron.rb in the cache.
I, [2014-09-26T16:47:39.697000 #32123]  INFO -- compute-centos-70: [2014-09-26T12:47:37+00:00] INFO: Storing updated cookbooks/centos_cloud/recipes/openvswitch.rb in the cache.
I, [2014-09-26T16:47:39.716768 #32123]  INFO -- compute-centos-70: [2014-09-26T12:47:38+00:00] INFO: Storing updated cookbooks/centos_cloud/recipes/default.rb in the cache.
I, [2014-09-26T16:47:39.736792 #32123]  INFO -- compute-centos-70: [2014-09-26T12:47:38+00:00] INFO: Storing updated cookbooks/centos_cloud/recipes/ntp-server.rb in the cache.
I, [2014-09-26T16:47:39.807289 #32123]  INFO -- compute-centos-70: [2014-09-26T12:47:38+00:00] INFO: Storing updated cookbooks/centos_cloud/recipes/opendaylight.rb in the cache.
I, [2014-09-26T16:47:39.813550 #32123]  INFO -- compute-centos-70: [2014-09-26T12:47:38+00:00] INFO: Storing updated cookbooks/centos_cloud/recipes/dashboard.rb in the cache.
I, [2014-09-26T16:47:39.813602 #32123]  INFO -- compute-centos-70: [2014-09-26T12:47:38+00:00] INFO: Storing updated cookbooks/centos_cloud/recipes/swift-proxy.rb in the cache.
I, [2014-09-26T16:47:39.835901 #32123]  INFO -- compute-centos-70: [2014-09-26T12:47:38+00:00] INFO: Storing updated cookbooks/centos_cloud/README.md in the cache.
I, [2014-09-26T16:47:39.855650 #32123]  INFO -- compute-centos-70: [2014-09-26T12:47:38+00:00] INFO: Storing updated cookbooks/centos_cloud/recipes/swift-node.rb in the cache.
I, [2014-09-26T16:47:40.008530 #32123]  INFO -- compute-centos-70: [2014-09-26T12:47:38+00:00] INFO: Storing updated cookbooks/firewalld/providers/rule.rb in the cache.
I, [2014-09-26T16:47:40.008605 #32123]  INFO -- compute-centos-70: [2014-09-26T12:47:38+00:00] INFO: Storing updated cookbooks/firewalld/resources/rule.rb in the cache.
I, [2014-09-26T16:47:40.008628 #32123]  INFO -- compute-centos-70: [2014-09-26T12:47:38+00:00] INFO: Storing updated cookbooks/libcloud/resources/file_append.rb in the cache.
I, [2014-09-26T16:47:40.008647 #32123]  INFO -- compute-centos-70: [2014-09-26T12:47:38+00:00] INFO: Storing updated cookbooks/centos_cloud/attributes/default.rb in the cache.
I, [2014-09-26T16:47:40.008666 #32123]  INFO -- compute-centos-70: [2014-09-26T12:47:38+00:00] INFO: Storing updated cookbooks/firewalld/recipes/default.rb in the cache.
I, [2014-09-26T16:47:40.008696 #32123]  INFO -- compute-centos-70: [2014-09-26T12:47:38+00:00] INFO: Storing updated cookbooks/firewalld/metadata.json in the cache.
I, [2014-09-26T16:47:40.008716 #32123]  INFO -- compute-centos-70:   - firewalld[0m
I, [2014-09-26T16:47:40.008734 #32123]  INFO -- compute-centos-70: [2014-09-26T12:47:38+00:00] INFO: Storing updated cookbooks/libcloud/resources/api_wait.rb in the cache.
I, [2014-09-26T16:47:40.008753 #32123]  INFO -- compute-centos-70: [2014-09-26T12:47:38+00:00] INFO: Storing updated cookbooks/libcloud/resources/ssh_command.rb in the cache.
I, [2014-09-26T16:47:40.008771 #32123]  INFO -- compute-centos-70: [2014-09-26T12:47:38+00:00] INFO: Storing updated cookbooks/libcloud/resources/file_scp.rb in the cache.
I, [2014-09-26T16:47:40.008789 #32123]  INFO -- compute-centos-70: [2014-09-26T12:47:38+00:00] INFO: Storing updated cookbooks/centos_cloud/metadata.json in the cache.
I, [2014-09-26T16:47:40.008807 #32123]  INFO -- compute-centos-70:   - centos_cloud[0m
I, [2014-09-26T16:47:40.024066 #32123]  INFO -- compute-centos-70: [2014-09-26T12:47:38+00:00] INFO: Storing updated cookbooks/libcloud/providers/api_wait.rb in the cache.
I, [2014-09-26T16:47:40.117355 #32123]  INFO -- compute-centos-70: [2014-09-26T12:47:38+00:00] INFO: Storing updated cookbooks/libcloud/providers/file_scp.rb in the cache.
I, [2014-09-26T16:47:40.117439 #32123]  INFO -- compute-centos-70: [2014-09-26T12:47:38+00:00] INFO: Storing updated cookbooks/libcloud/recipes/examples.rb in the cache.
I, [2014-09-26T16:47:40.117463 #32123]  INFO -- compute-centos-70: [2014-09-26T12:47:38+00:00] INFO: Storing updated cookbooks/libcloud/recipes/ssh_key.rb in the cache.
I, [2014-09-26T16:47:40.117483 #32123]  INFO -- compute-centos-70: [2014-09-26T12:47:38+00:00] INFO: Storing updated cookbooks/libcloud/providers/ssh_command.rb in the cache.
I, [2014-09-26T16:47:40.117503 #32123]  INFO -- compute-centos-70: [2014-09-26T12:47:38+00:00] INFO: Storing updated cookbooks/libcloud/metadata.json in the cache.
I, [2014-09-26T16:47:40.184712 #32123]  INFO -- compute-centos-70: [2014-09-26T12:47:38+00:00] INFO: Storing updated cookbooks/libcloud/providers/file_append.rb in the cache.
I, [2014-09-26T16:47:40.184792 #32123]  INFO -- compute-centos-70: [2014-09-26T12:47:38+00:00] INFO: Storing updated cookbooks/libcloud/providers/ssh_keys.rb in the cache.
I, [2014-09-26T16:47:40.184816 #32123]  INFO -- compute-centos-70: [2014-09-26T12:47:38+00:00] INFO: Storing updated cookbooks/libcloud/resources/ssh_keys.rb in the cache.
I, [2014-09-26T16:47:40.184836 #32123]  INFO -- compute-centos-70: [2014-09-26T12:47:38+00:00] INFO: Storing updated cookbooks/libcloud/recipes/default.rb in the cache.
I, [2014-09-26T16:47:40.184856 #32123]  INFO -- compute-centos-70: [2014-09-26T12:47:38+00:00] INFO: Storing updated cookbooks/libcloud/README.md in the cache.
I, [2014-09-26T16:47:40.184876 #32123]  INFO -- compute-centos-70:   - libcloud[0m
I, [2014-09-26T16:47:40.269855 #32123]  INFO -- compute-centos-70: [2014-09-26T12:47:38+00:00] INFO: Storing updated cookbooks/lvm/libraries/matchers.rb in the cache.
I, [2014-09-26T16:47:40.269934 #32123]  INFO -- compute-centos-70: [2014-09-26T12:47:38+00:00] INFO: Storing updated cookbooks/tar/libraries/matchers.rb in the cache.
I, [2014-09-26T16:47:40.269958 #32123]  INFO -- compute-centos-70: [2014-09-26T12:47:38+00:00] INFO: Storing updated cookbooks/tar/providers/package.rb in the cache.
I, [2014-09-26T16:47:40.269987 #32123]  INFO -- compute-centos-70: [2014-09-26T12:47:38+00:00] INFO: Storing updated cookbooks/tar/resources/package.rb in the cache.
I, [2014-09-26T16:47:40.327650 #32123]  INFO -- compute-centos-70: [2014-09-26T12:47:38+00:00] INFO: Storing updated cookbooks/tar/providers/extract.rb in the cache.
I, [2014-09-26T16:47:40.335833 #32123]  INFO -- compute-centos-70: [2014-09-26T12:47:38+00:00] INFO: Storing updated cookbooks/lvm/recipes/default.rb in the cache.
I, [2014-09-26T16:47:40.379562 #32123]  INFO -- compute-centos-70: [2014-09-26T12:47:38+00:00] INFO: Storing updated cookbooks/tar/metadata.json in the cache.
I, [2014-09-26T16:47:40.379643 #32123]  INFO -- compute-centos-70: [2014-09-26T12:47:38+00:00] INFO: Storing updated cookbooks/tar/recipes/default.rb in the cache.
I, [2014-09-26T16:47:40.379666 #32123]  INFO -- compute-centos-70: [2014-09-26T12:47:38+00:00] INFO: Storing updated cookbooks/tar/resources/extract.rb in the cache.
I, [2014-09-26T16:47:40.380626 #32123]  INFO -- compute-centos-70: [2014-09-26T12:47:38+00:00] INFO: Storing updated cookbooks/tar/README.md in the cache.
I, [2014-09-26T16:47:40.380666 #32123]  INFO -- compute-centos-70:   - tar[0m
I, [2014-09-26T16:47:40.444451 #32123]  INFO -- compute-centos-70: [2014-09-26T12:47:38+00:00] INFO: Storing updated cookbooks/lvm/libraries/resource_lvm_logical_volume.rb in the cache.
I, [2014-09-26T16:47:40.444529 #32123]  INFO -- compute-centos-70: [2014-09-26T12:47:38+00:00] INFO: Storing updated cookbooks/lvm/libraries/provider_lvm_volume_group.rb in the cache.
I, [2014-09-26T16:47:40.444552 #32123]  INFO -- compute-centos-70: [2014-09-26T12:47:38+00:00] INFO: Storing updated cookbooks/lvm/libraries/provider_lvm_physical_volume.rb in the cache.
I, [2014-09-26T16:47:40.444571 #32123]  INFO -- compute-centos-70: [2014-09-26T12:47:38+00:00] INFO: Storing updated cookbooks/lvm/libraries/provider_lvm_logical_volume.rb in the cache.
I, [2014-09-26T16:47:40.444590 #32123]  INFO -- compute-centos-70: [2014-09-26T12:47:38+00:00] INFO: Storing updated cookbooks/lvm/libraries/resource_lvm_volume_group.rb in the cache.
I, [2014-09-26T16:47:40.496519 #32123]  INFO -- compute-centos-70: [2014-09-26T12:47:38+00:00] INFO: Storing updated cookbooks/lvm/libraries/resource_lvm_physical_volume.rb in the cache.
I, [2014-09-26T16:47:40.496611 #32123]  INFO -- compute-centos-70: [2014-09-26T12:47:38+00:00] INFO: Storing updated cookbooks/lvm/metadata.json in the cache.
I, [2014-09-26T16:47:40.496634 #32123]  INFO -- compute-centos-70: [2014-09-26T12:47:38+00:00] INFO: Storing updated cookbooks/lvm/README.md in the cache.
I, [2014-09-26T16:47:40.496653 #32123]  INFO -- compute-centos-70:   - lvm[0m
I, [2014-09-26T16:47:40.496671 #32123]  INFO -- compute-centos-70: Compiling Cookbooks...[0m
I, [2014-09-26T16:47:40.689017 #32123]  INFO -- compute-centos-70: [2014-09-26T12:47:38+00:00] WARN: Cloning resource attributes for firewalld_rule[keystone] from prior resource (CHEF-3694)
I, [2014-09-26T16:47:40.689098 #32123]  INFO -- compute-centos-70: [2014-09-26T12:47:38+00:00] WARN: Previous firewalld_rule[keystone]: /tmp/kitchen/cache/cookbooks/centos_cloud/recipes/rabbitmq-server.rb:17:in `from_file'
I, [2014-09-26T16:47:40.689126 #32123]  INFO -- compute-centos-70: [2014-09-26T12:47:38+00:00] WARN: Current  firewalld_rule[keystone]: /tmp/kitchen/cache/cookbooks/centos_cloud/recipes/keystone.rb:14:in `from_file'
I, [2014-09-26T16:47:40.789651 #32123]  INFO -- compute-centos-70: [2014-09-26T12:47:39+00:00] WARN: Cloning resource attributes for firewalld_rule[nova-compute] from prior resource (CHEF-3694)
I, [2014-09-26T16:47:40.789734 #32123]  INFO -- compute-centos-70: [2014-09-26T12:47:39+00:00] WARN: Previous firewalld_rule[nova-compute]: /tmp/kitchen/cache/cookbooks/centos_cloud/recipes/nova.rb:60:in `from_file'
I, [2014-09-26T16:47:40.789761 #32123]  INFO -- compute-centos-70: [2014-09-26T12:47:39+00:00] WARN: Current  firewalld_rule[nova-compute]: /tmp/kitchen/cache/cookbooks/centos_cloud/recipes/openvswitch.rb:91:in `from_file'
I, [2014-09-26T16:47:40.789783 #32123]  INFO -- compute-centos-70: [2014-09-26T12:47:39+00:00] WARN: Cloning resource attributes for package[memcached] from prior resource (CHEF-3694)
I, [2014-09-26T16:47:40.789804 #32123]  INFO -- compute-centos-70: [2014-09-26T12:47:39+00:00] WARN: Previous package[memcached]: /tmp/kitchen/cache/cookbooks/centos_cloud/recipes/dashboard.rb:24:in `block in from_file'
I, [2014-09-26T16:47:40.789833 #32123]  INFO -- compute-centos-70: [2014-09-26T12:47:39+00:00] WARN: Current  package[memcached]: /tmp/kitchen/cache/cookbooks/centos_cloud/recipes/swift-proxy.rb:18:in `block in from_file'
I, [2014-09-26T16:47:40.789866 #32123]  INFO -- compute-centos-70: [2014-09-26T12:47:39+00:00] WARN: Cloning resource attributes for package[python-keystoneclient] from prior resource (CHEF-3694)
I, [2014-09-26T16:47:40.789888 #32123]  INFO -- compute-centos-70: [2014-09-26T12:47:39+00:00] WARN: Previous package[python-keystoneclient]: /tmp/kitchen/cache/cookbooks/centos_cloud/recipes/openvswitch.rb:29:in `block in from_file'
I, [2014-09-26T16:47:40.789908 #32123]  INFO -- compute-centos-70: [2014-09-26T12:47:39+00:00] WARN: Current  package[python-keystoneclient]: /tmp/kitchen/cache/cookbooks/centos_cloud/recipes/swift-proxy.rb:18:in `block in from_file'
I, [2014-09-26T16:47:40.800125 #32123]  INFO -- compute-centos-70: [2014-09-26T12:47:39+00:00] WARN: Cloning resource attributes for firewalld_rule[keystone] from prior resource (CHEF-3694)
I, [2014-09-26T16:47:40.800218 #32123]  INFO -- compute-centos-70: [2014-09-26T12:47:39+00:00] WARN: Previous firewalld_rule[keystone]: /tmp/kitchen/cache/cookbooks/centos_cloud/recipes/keystone.rb:14:in `from_file'
I, [2014-09-26T16:47:40.800252 #32123]  INFO -- compute-centos-70: [2014-09-26T12:47:39+00:00] WARN: Current  firewalld_rule[keystone]: /tmp/kitchen/cache/cookbooks/centos_cloud/recipes/heat.rb:38:in `from_file'
I, [2014-09-26T16:47:40.821748 #32123]  INFO -- compute-centos-70: Converging 183 resources[0m
I, [2014-09-26T16:47:40.828586 #32123]  INFO -- compute-centos-70: Recipe: centos_cloud::selinux[0m
I, [2014-09-26T16:47:40.828666 #32123]  INFO -- compute-centos-70:   * template[/etc/selinux/config] action create[2014-09-26T12:47:39+00:00] INFO: Processing template[/etc/selinux/config] action create (centos_cloud::selinux line 10)
I, [2014-09-26T16:47:40.895317 #32123]  INFO -- compute-centos-70: [2014-09-26T12:47:39+00:00] INFO: template[/etc/selinux/config] backed up to /tmp/kitchen/backup/etc/selinux/config.chef-20140926124739.149957
I, [2014-09-26T16:47:40.895406 #32123]  INFO -- compute-centos-70: [2014-09-26T12:47:39+00:00] INFO: template[/etc/selinux/config] updated file contents /etc/selinux/config
I, [2014-09-26T16:47:40.895433 #32123]  INFO -- compute-centos-70: 
I, [2014-09-26T16:47:40.895455 #32123]  INFO -- compute-centos-70:     [32m- update content in file /etc/selinux/config from 2e0198 to 7959e1[0m
I, [2014-09-26T16:47:40.895475 #32123]  INFO -- compute-centos-70:     [37m--- /etc/selinux/config	2014-09-24 19:54:39.998015000 +0000[0m
I, [2014-09-26T16:47:40.895495 #32123]  INFO -- compute-centos-70:     [37m+++ /tmp/chef-rendered-template20140926-2937-ikf7z9	2014-09-26 12:47:39.147718777 +0000[0m
I, [2014-09-26T16:47:40.895515 #32123]  INFO -- compute-centos-70:     [37m@@ -1,15 +1,11 @@[0m
I, [2014-09-26T16:47:40.895535 #32123]  INFO -- compute-centos-70:     [37m-[0m
I, [2014-09-26T16:47:40.895555 #32123]  INFO -- compute-centos-70:     [37m # This file controls the state of SELinux on the system.[0m
I, [2014-09-26T16:47:40.895575 #32123]  INFO -- compute-centos-70:     [37m # SELINUX= can take one of these three values:[0m
I, [2014-09-26T16:47:40.895595 #32123]  INFO -- compute-centos-70:     [37m-#     enforcing - SELinux security policy is enforced.[0m
I, [2014-09-26T16:47:40.895614 #32123]  INFO -- compute-centos-70:     [37m-#     permissive - SELinux prints warnings instead of enforcing.[0m
I, [2014-09-26T16:47:40.895634 #32123]  INFO -- compute-centos-70:     [37m-#     disabled - No SELinux policy is loaded.[0m
I, [2014-09-26T16:47:40.895654 #32123]  INFO -- compute-centos-70:     [37m+#       enforcing - SELinux security policy is enforced.[0m
I, [2014-09-26T16:47:40.895674 #32123]  INFO -- compute-centos-70:     [37m+#       permissive - SELinux prints warnings instead of enforcing.[0m
I, [2014-09-26T16:47:40.895693 #32123]  INFO -- compute-centos-70:     [37m+#       disabled - SELinux is fully disabled.[0m
I, [2014-09-26T16:47:40.895729 #32123]  INFO -- compute-centos-70:     [37m SELINUX=disabled[0m
I, [2014-09-26T16:47:40.895759 #32123]  INFO -- compute-centos-70:     [37m-# SELINUXTYPE= can take one of these two values:[0m
I, [2014-09-26T16:47:40.895780 #32123]  INFO -- compute-centos-70:     [37m-#     targeted - Targeted processes are protected,[0m
I, [2014-09-26T16:47:40.895800 #32123]  INFO -- compute-centos-70:     [37m-#     minimum - Modification of targeted policy. Only selected processes are protected. [0m
I, [2014-09-26T16:47:40.895820 #32123]  INFO -- compute-centos-70:     [37m-#     mls - Multi Level Security protection.[0m
I, [2014-09-26T16:47:40.895839 #32123]  INFO -- compute-centos-70:     [37m+# SELINUXTYPE= type of policy in use. Possible values are:[0m
I, [2014-09-26T16:47:40.895859 #32123]  INFO -- compute-centos-70:     [37m+#       targeted - Only targeted network daemons are protected.[0m
I, [2014-09-26T16:47:40.895878 #32123]  INFO -- compute-centos-70:     [37m+#       strict - Full SELinux protection.[0m
I, [2014-09-26T16:47:40.895897 #32123]  INFO -- compute-centos-70:     [37m SELINUXTYPE=targeted[0m
I, [2014-09-26T16:47:40.895916 #32123]  INFO -- compute-centos-70:     [37m-[0m
I, [2014-09-26T16:47:40.895936 #32123]  INFO -- compute-centos-70:     [37m-[0m
I, [2014-09-26T16:47:40.925986 #32123]  INFO -- compute-centos-70: 
I, [2014-09-26T16:47:40.926067 #32123]  INFO -- compute-centos-70: [0m  * execute[disable selinux without reboot] action run[2014-09-26T12:47:39+00:00] INFO: Processing execute[disable selinux without reboot] action run (centos_cloud::selinux line 14)
I, [2014-09-26T16:47:40.954247 #32123]  INFO -- compute-centos-70:  (skipped due to not_if)
I, [2014-09-26T16:47:40.954323 #32123]  INFO -- compute-centos-70: Recipe: centos_cloud::repos[0m
I, [2014-09-26T16:47:40.954351 #32123]  INFO -- compute-centos-70:   * cookbook_file[/etc/yum.repos.d/epel.repo] action create_if_missing[2014-09-26T12:47:39+00:00] INFO: Processing cookbook_file[/etc/yum.repos.d/epel.repo] action create_if_missing (centos_cloud::repos line 11)
I, [2014-09-26T16:47:40.970860 #32123]  INFO -- compute-centos-70: [2014-09-26T12:47:39+00:00] INFO: cookbook_file[/etc/yum.repos.d/epel.repo] created file /etc/yum.repos.d/epel.repo
I, [2014-09-26T16:47:40.970925 #32123]  INFO -- compute-centos-70: 
I, [2014-09-26T16:47:40.970952 #32123]  INFO -- compute-centos-70:     [32m- create new file /etc/yum.repos.d/epel.repo[0m
I, [2014-09-26T16:47:41.045280 #32123]  INFO -- compute-centos-70: [2014-09-26T12:47:39+00:00] INFO: cookbook_file[/etc/yum.repos.d/epel.repo] updated file contents /etc/yum.repos.d/epel.repo
I, [2014-09-26T16:47:41.045365 #32123]  INFO -- compute-centos-70: 
I, [2014-09-26T16:47:41.045395 #32123]  INFO -- compute-centos-70:     [32m- update content in file /etc/yum.repos.d/epel.repo from none to 8ae208[0m
I, [2014-09-26T16:47:41.045418 #32123]  INFO -- compute-centos-70:     [37m--- /etc/yum.repos.d/epel.repo	2014-09-26 12:47:39.263776784 +0000[0m
I, [2014-09-26T16:47:41.045438 #32123]  INFO -- compute-centos-70:     [37m+++ /tmp/.epel.repo20140926-2937-19hcjqa	2014-09-26 12:47:39.293791786 +0000[0m
I, [2014-09-26T16:47:41.045459 #32123]  INFO -- compute-centos-70:     [37m@@ -1 +1,10 @@[0m
I, [2014-09-26T16:47:41.045479 #32123]  INFO -- compute-centos-70:     [37m+# This file is generated by Chef. All changes will be overwritten.[0m
I, [2014-09-26T16:47:41.045499 #32123]  INFO -- compute-centos-70:     [37m+[epel][0m
I, [2014-09-26T16:47:41.045519 #32123]  INFO -- compute-centos-70:     [37m+name=Extra Packages for Enterprise Linux 7 - $basearch[0m
I, [2014-09-26T16:47:41.045539 #32123]  INFO -- compute-centos-70:     [37m+mirrorlist=https://mirrors.fedoraproject.org/metalink?repo=epel-7&arch=$basearch[0m
I, [2014-09-26T16:47:41.045558 #32123]  INFO -- compute-centos-70:     [37m+failovermethod=priority[0m
I, [2014-09-26T16:47:41.045578 #32123]  INFO -- compute-centos-70:     [37m+enabled=1[0m
I, [2014-09-26T16:47:41.045597 #32123]  INFO -- compute-centos-70:     [37m+gpgcheck=0[0m
I, [2014-09-26T16:47:41.045627 #32123]  INFO -- compute-centos-70:     [37m+[0m
I, [2014-09-26T16:47:41.045648 #32123]  INFO -- compute-centos-70:     [37m+[0m[2014-09-26T12:47:39+00:00] INFO: cookbook_file[/etc/yum.repos.d/epel.repo] owner changed to 0
I, [2014-09-26T16:47:41.045668 #32123]  INFO -- compute-centos-70: [2014-09-26T12:47:39+00:00] INFO: cookbook_file[/etc/yum.repos.d/epel.repo] group changed to 0
I, [2014-09-26T16:47:41.045692 #32123]  INFO -- compute-centos-70: [2014-09-26T12:47:39+00:00] INFO: cookbook_file[/etc/yum.repos.d/epel.repo] mode changed to 644
I, [2014-09-26T16:47:41.045712 #32123]  INFO -- compute-centos-70: 
I, [2014-09-26T16:47:41.045731 #32123]  INFO -- compute-centos-70:     [32m- change mode from '' to '0644'[0m
I, [2014-09-26T16:47:41.045750 #32123]  INFO -- compute-centos-70:     [32m- change owner from '' to 'root'[0m
I, [2014-09-26T16:47:41.045770 #32123]  INFO -- compute-centos-70:     [32m- change group from '' to 'root'[0m
I, [2014-09-26T16:47:41.045789 #32123]  INFO -- compute-centos-70: [0m  * template[/etc/yum.repos.d/openstack-icehouse.repo] action create[2014-09-26T12:47:39+00:00] INFO: Processing template[/etc/yum.repos.d/openstack-icehouse.repo] action create (centos_cloud::repos line 20)
I, [2014-09-26T16:47:41.046177 #32123]  INFO -- compute-centos-70: [2014-09-26T12:47:39+00:00] INFO: template[/etc/yum.repos.d/openstack-icehouse.repo] created file /etc/yum.repos.d/openstack-icehouse.repo
I, [2014-09-26T16:47:41.046213 #32123]  INFO -- compute-centos-70: 
I, [2014-09-26T16:47:41.046235 #32123]  INFO -- compute-centos-70:     [32m- create new file /etc/yum.repos.d/openstack-icehouse.repo[0m[2014-09-26T12:47:39+00:00] INFO: template[/etc/yum.repos.d/openstack-icehouse.repo] updated file contents /etc/yum.repos.d/openstack-icehouse.repo
I, [2014-09-26T16:47:41.046255 #32123]  INFO -- compute-centos-70: 
I, [2014-09-26T16:47:41.046274 #32123]  INFO -- compute-centos-70:     [32m- update content in file /etc/yum.repos.d/openstack-icehouse.repo from none to 3aa752[0m
I, [2014-09-26T16:47:41.046293 #32123]  INFO -- compute-centos-70:     [37m--- /etc/yum.repos.d/openstack-icehouse.repo	2014-09-26 12:47:39.321805788 +0000[0m
I, [2014-09-26T16:47:41.046312 #32123]  INFO -- compute-centos-70:     [37m+++ /tmp/chef-rendered-template20140926-2937-b2xjol	2014-09-26 12:47:39.322806289 +0000[0m
I, [2014-09-26T16:47:41.046331 #32123]  INFO -- compute-centos-70:     [37m@@ -1 +1,7 @@[0m
I, [2014-09-26T16:47:41.046350 #32123]  INFO -- compute-centos-70:     [37m+# This file is generated by Chef. All changes will be overwritten.[0m
I, [2014-09-26T16:47:41.046369 #32123]  INFO -- compute-centos-70:     [37m+[openstack-icehouse][0m
I, [2014-09-26T16:47:41.046387 #32123]  INFO -- compute-centos-70:     [37m+name=OpenStack Icehouse Repository[0m
I, [2014-09-26T16:47:41.046406 #32123]  INFO -- compute-centos-70:     [37m+baseurl=http://repos.fedorapeople.org/repos/openstack/openstack-icehouse/epel-$releasever/[0m
I, [2014-09-26T16:47:41.046425 #32123]  INFO -- compute-centos-70:     [37m+enabled=1[0m
I, [2014-09-26T16:47:41.046444 #32123]  INFO -- compute-centos-70:     [37m+gpgcheck=0[0m[2014-09-26T12:47:39+00:00] INFO: template[/etc/yum.repos.d/openstack-icehouse.repo] owner changed to 0
I, [2014-09-26T16:47:41.046464 #32123]  INFO -- compute-centos-70: [2014-09-26T12:47:39+00:00] INFO: template[/etc/yum.repos.d/openstack-icehouse.repo] group changed to 0
I, [2014-09-26T16:47:41.046482 #32123]  INFO -- compute-centos-70: [2014-09-26T12:47:39+00:00] INFO: template[/etc/yum.repos.d/openstack-icehouse.repo] mode changed to 644
I, [2014-09-26T16:47:41.046501 #32123]  INFO -- compute-centos-70: 
I, [2014-09-26T16:47:41.046520 #32123]  INFO -- compute-centos-70:     [32m- change mode from '' to '0644'[0m
I, [2014-09-26T16:47:41.046539 #32123]  INFO -- compute-centos-70:     [32m- change owner from '' to 'root'[0m
I, [2014-09-26T16:47:41.046558 #32123]  INFO -- compute-centos-70:     [32m- change group from '' to 'root'[0m
I, [2014-09-26T16:47:41.046582 #32123]  INFO -- compute-centos-70: [0m[2014-09-26T12:47:39+00:00] INFO: template[/etc/yum.repos.d/openstack-icehouse.repo] sending run action to execute[yum makecache] (immediate)
I, [2014-09-26T16:47:41.046603 #32123]  INFO -- compute-centos-70:   * execute[yum makecache] action run[2014-09-26T12:47:39+00:00] INFO: Processing execute[yum makecache] action run (centos_cloud::repos line 38)
I, [2014-09-26T17:20:44.117943 #3636]  INFO -- compute-centos-70: -----> Cleaning up any prior instances of <compute-centos-70>
I, [2014-09-26T17:20:44.170270 #3636]  INFO -- compute-centos-70: -----> Destroying <compute-centos-70>...
I, [2014-09-26T17:20:45.938009 #3636]  INFO -- compute-centos-70: ==> default: Forcing shutdown of VM...
I, [2014-09-26T17:21:06.229013 #6912]  INFO -- compute-centos-70: -----> Destroying <compute-centos-70>...
I, [2014-09-26T17:21:08.908634 #6912]  INFO -- compute-centos-70: ==> default: Destroying VM and associated drives...
I, [2014-09-26T17:21:09.232877 #6912]  INFO -- compute-centos-70: Vagrant instance <compute-centos-70> destroyed.
I, [2014-09-26T17:21:09.233757 #6912]  INFO -- compute-centos-70: Finished destroying <compute-centos-70> (0m3.00s).
